#
# There is insufficient memory for the Java Runtime Environment to continue.
# Native memory allocation (malloc) failed to allocate 521776 bytes for Chunk::new
# Possible reasons:
#   The system is out of physical RAM or swap space
#   In 32 bit mode, the process size limit was hit
# Possible solutions:
#   Reduce memory load on the system
#   Increase physical memory or swap space
#   Check if swap backing store is full
#   Use 64 bit Java on a 64 bit OS
#   Decrease Java heap size (-Xmx/-Xms)
#   Decrease number of Java threads
#   Decrease Java thread stack sizes (-Xss)
#   Set larger code cache with -XX:ReservedCodeCacheSize=
# This output file may be truncated or incomplete.
#
#  Out of Memory Error (allocation.cpp:390), pid=892, tid=0x0000000000000974
#
# JRE version: Java(TM) SE Runtime Environment (8.0_92-b14) (build 1.8.0_92-b14)
# Java VM: Java HotSpot(TM) 64-Bit Server VM (25.92-b14 mixed mode windows-amd64 compressed oops)
# Failed to write core dump. Minidumps are not enabled by default on client versions of Windows
#

---------------  T H R E A D  ---------------

Current thread (0x00000000564db800):  JavaThread "C2 CompilerThread0" daemon [_thread_in_native, id=2420, stack(0x0000000056ce0000,0x0000000056de0000)]

Stack: [0x0000000056ce0000,0x0000000056de0000]
[error occurred during error reporting (printing stack bounds), id 0xc0000005]

Native frames: (J=compiled Java code, j=interpreted, Vv=VM code, C=native code)


Current CompileTask:
C2:7790662 11291   !   4       java.lang.Class::getEnumConstantsShared (73 bytes)


---------------  P R O C E S S  ---------------

Java Threads: ( => current thread )
  0x000000005a429000 JavaThread "pool-2-thread-3" [_thread_blocked, id=680, stack(0x0000000061810000,0x0000000061910000)]
  0x000000005a427800 JavaThread "pool-2-thread-2" [_thread_in_vm, id=3624, stack(0x00000000571a0000,0x00000000572a0000)]
  0x000000005a428000 JavaThread "pool-2-thread-4" [_thread_blocked, id=4136, stack(0x00000000616a0000,0x00000000617a0000)]
  0x000000005a429800 JavaThread "pool-2-thread-1" [_thread_blocked, id=1048, stack(0x0000000061480000,0x0000000061580000)]
  0x000000005a425000 JavaThread "pool-1-thread-4" [_thread_blocked, id=2732, stack(0x0000000060920000,0x0000000060a20000)]
  0x000000005a424800 JavaThread "pool-1-thread-3" [_thread_in_native, id=2596, stack(0x0000000060750000,0x0000000060850000)]
  0x000000005a423800 JavaThread "pool-1-thread-2" [_thread_in_native, id=2312, stack(0x00000000593b0000,0x00000000594b0000)]
  0x000000005a423000 JavaThread "pool-1-thread-1" [_thread_in_native, id=1920, stack(0x0000000060560000,0x0000000060660000)]
  0x000000005a422000 JavaThread "Stdin handler" [_thread_blocked, id=3040, stack(0x00000000601c0000,0x00000000602c0000)]
  0x000000005a41f000 JavaThread "Daemon worker Thread 2" [_thread_in_Java, id=752, stack(0x000000005f310000,0x000000005f410000)]
  0x000000005a41e800 JavaThread "Cancel handler" [_thread_blocked, id=2404, stack(0x00000000594d0000,0x00000000595d0000)]
  0x000000005a41d800 JavaThread "Handler for socket connection from /127.0.0.1:50683 to /127.0.0.1:49203" [_thread_in_native, id=3032, stack(0x0000000058ba0000,0x0000000058ca0000)]
  0x000000005a41c000 JavaThread "Daemon Thread 2" [_thread_blocked, id=4536, stack(0x0000000059280000,0x0000000059380000)]
  0x00000000587c2000 JavaThread "File lock request listener" [_thread_in_native, id=2028, stack(0x000000005af20000,0x000000005b020000)]
  0x0000000057f7c800 JavaThread "Incoming local TCP Connector on port 50683" [_thread_in_native, id=1596, stack(0x0000000058f30000,0x0000000059030000)]
  0x000000005656f800 JavaThread "Service Thread" daemon [_thread_blocked, id=3160, stack(0x0000000057090000,0x0000000057190000)]
  0x00000000564e9800 JavaThread "C1 CompilerThread2" daemon [_thread_in_vm, id=2372, stack(0x0000000056f70000,0x0000000057070000)]
  0x00000000564e8800 JavaThread "C2 CompilerThread1" daemon [_thread_in_native, id=2116, stack(0x0000000056e60000,0x0000000056f60000)]
=>0x00000000564db800 JavaThread "C2 CompilerThread0" daemon [_thread_in_native, id=2420, stack(0x0000000056ce0000,0x0000000056de0000)]
  0x00000000564d9000 JavaThread "Attach Listener" daemon [_thread_blocked, id=444, stack(0x0000000056b10000,0x0000000056c10000)]
  0x000000005505a800 JavaThread "Signal Dispatcher" daemon [_thread_blocked, id=1672, stack(0x00000000569b0000,0x0000000056ab0000)]
  0x000000005503a000 JavaThread "Finalizer" daemon [_thread_blocked, id=3252, stack(0x0000000056210000,0x0000000056310000)]
  0x0000000054ff3000 JavaThread "Reference Handler" daemon [_thread_blocked, id=456, stack(0x00000000563d0000,0x00000000564d0000)]
  0x000000000041f000 JavaThread "main" [_thread_blocked, id=3852, stack(0x0000000002800000,0x0000000002900000)]

Other Threads:
  0x0000000054feb000 VMThread [stack: 0x0000000056100000,0x0000000056200000] [id=228]
  0x00000000565c1800 WatcherThread [stack: 0x00000000572c0000,0x00000000573c0000] [id=2320]

VM state:not at safepoint (normal execution)

VM Mutex/Monitor currently owned by a thread:  ([mutex/lock_event])
[0x000000000041c400] CodeCache_lock - owner thread: 0x00000000564e9800

Heap:
 PSYoungGen      total 247296K, used 94060K [0x00000000eab00000, 0x00000000fe480000, 0x0000000100000000)
  eden space 229376K, 41% used [0x00000000eab00000,0x00000000f06db288,0x00000000f8b00000)
  from space 17920K, 0% used [0x00000000f8b00000,0x00000000f8b00000,0x00000000f9c80000)
  to   space 17408K, 0% used [0x00000000fd380000,0x00000000fd380000,0x00000000fe480000)
 ParOldGen       total 92160K, used 41370K [0x00000000c0000000, 0x00000000c5a00000, 0x00000000eab00000)
  object space 92160K, 44% used [0x00000000c0000000,0x00000000c2866a48,0x00000000c5a00000)
 Metaspace       used 60203K, capacity 61730K, committed 63232K, reserved 1103872K
  class space    used 7957K, capacity 8350K, committed 8704K, reserved 1048576K

Card table byte_map: [0x0000000011cc0000,0x0000000011ed0000] byte_map_base: 0x00000000116c0000

Marking Bits: (ParMarkBitMap*) 0x0000000070ef64f0
 Begin Bits: [0x0000000012460000, 0x0000000013460000)
 End Bits:   [0x0000000013460000, 0x0000000014460000)

Polling page: 0x0000000000160000

CodeCache: size=245760Kb used=32607Kb max_used=32823Kb free=213152Kb
 bounds [0x0000000002900000, 0x0000000004940000, 0x0000000011900000]
 total_blobs=10140 nmethods=9385 adapters=666
 compilation: enabled

Compilation events (10 events):
Event: 7789.571 Thread 0x00000000564e9800 11313       3       java.util.concurrent.ThreadPoolExecutor::beforeExecute (1 bytes)
Event: 7789.572 Thread 0x00000000564e9800 nmethod 11313 0x00000000046f6510 code [0x00000000046f6660, 0x00000000046f67b0]
Event: 7789.573 Thread 0x00000000564e9800 11314       1       java.lang.Thread::isDaemon (5 bytes)
Event: 7789.573 Thread 0x00000000564e9800 nmethod 11314 0x000000000470fe10 code [0x000000000470ff60, 0x0000000004710070]
Event: 7789.573 Thread 0x00000000564e9800 11315       1       java.lang.Thread::getPriority (5 bytes)
Event: 7789.573 Thread 0x00000000564e9800 nmethod 11315 0x0000000004711d10 code [0x0000000004711e60, 0x0000000004711f70]
Event: 7789.577 Thread 0x00000000564e9800 11316       3       java.lang.ProcessEnvironment::addToEnv (20 bytes)
Event: 7789.577 Thread 0x00000000564e9800 nmethod 11316 0x00000000031f01d0 code [0x00000000031f03c0, 0x00000000031f0cd8]
Event: 7789.580 Thread 0x00000000564e9800 11317       1       java.lang.ThreadGroup::getMaxPriority (5 bytes)
Event: 7789.580 Thread 0x00000000564e9800 nmethod 11317 0x000000000471d050 code [0x000000000471d1a0, 0x000000000471d2b0]

GC Heap History (10 events):
Event: 8.021 GC heap before
{Heap before GC invocations=15 (full 3):
 PSYoungGen      total 197120K, used 13788K [0x00000000eab00000, 0x00000000f7f80000, 0x0000000100000000)
  eden space 182784K, 0% used [0x00000000eab00000,0x00000000eab00000,0x00000000f5d80000)
  from space 14336K, 96% used [0x00000000f6d80000,0x00000000f7af7220,0x00000000f7b80000)
  to   space 16384K, 0% used [0x00000000f5d80000,0x00000000f5d80000,0x00000000f6d80000)
 ParOldGen       total 53760K, used 33853K [0x00000000c0000000, 0x00000000c3480000, 0x00000000eab00000)
  object space 53760K, 62% used [0x00000000c0000000,0x00000000c210f648,0x00000000c3480000)
 Metaspace       used 48291K, capacity 49622K, committed 49792K, reserved 1091584K
  class space    used 6664K, capacity 7005K, committed 7040K, reserved 1048576K
Event: 8.321 GC heap after
Heap after GC invocations=15 (full 3):
 PSYoungGen      total 197120K, used 0K [0x00000000eab00000, 0x00000000f7f80000, 0x0000000100000000)
  eden space 182784K, 0% used [0x00000000eab00000,0x00000000eab00000,0x00000000f5d80000)
  from space 14336K, 0% used [0x00000000f6d80000,0x00000000f6d80000,0x00000000f7b80000)
  to   space 16384K, 0% used [0x00000000f5d80000,0x00000000f5d80000,0x00000000f6d80000)
 ParOldGen       total 53760K, used 41877K [0x00000000c0000000, 0x00000000c3480000, 0x00000000eab00000)
  object space 53760K, 77% used [0x00000000c0000000,0x00000000c28e55a8,0x00000000c3480000)
 Metaspace       used 48291K, capacity 49622K, committed 49792K, reserved 1091584K
  class space    used 6664K, capacity 7005K, committed 7040K, reserved 1048576K
}
Event: 7776.654 GC heap before
{Heap before GC invocations=16 (full 3):
 PSYoungGen      total 197120K, used 182784K [0x00000000eab00000, 0x00000000f7f80000, 0x0000000100000000)
  eden space 182784K, 100% used [0x00000000eab00000,0x00000000f5d80000,0x00000000f5d80000)
  from space 14336K, 0% used [0x00000000f6d80000,0x00000000f6d80000,0x00000000f7b80000)
  to   space 16384K, 0% used [0x00000000f5d80000,0x00000000f5d80000,0x00000000f6d80000)
 ParOldGen       total 53760K, used 41877K [0x00000000c0000000, 0x00000000c3480000, 0x00000000eab00000)
  object space 53760K, 77% used [0x00000000c0000000,0x00000000c28e55a8,0x00000000c3480000)
 Metaspace       used 52105K, capacity 53854K, committed 54016K, reserved 1095680K
  class space    used 7179K, capacity 7616K, committed 7680K, reserved 1048576K
Event: 7777.513 GC heap after
Heap after GC invocations=16 (full 3):
 PSYoungGen      total 199168K, used 6893K [0x00000000eab00000, 0x00000000fae00000, 0x0000000100000000)
  eden space 182784K, 0% used [0x00000000eab00000,0x00000000eab00000,0x00000000f5d80000)
  from space 16384K, 42% used [0x00000000f5d80000,0x00000000f643b600,0x00000000f6d80000)
  to   space 15360K, 0% used [0x00000000f9f00000,0x00000000f9f00000,0x00000000fae00000)
 ParOldGen       total 53760K, used 41885K [0x00000000c0000000, 0x00000000c3480000, 0x00000000eab00000)
  object space 53760K, 77% used [0x00000000c0000000,0x00000000c28e75a8,0x00000000c3480000)
 Metaspace       used 52105K, capacity 53854K, committed 54016K, reserved 1095680K
  class space    used 7179K, capacity 7616K, committed 7680K, reserved 1048576K
}
Event: 7781.475 GC heap before
{Heap before GC invocations=17 (full 3):
 PSYoungGen      total 199168K, used 189677K [0x00000000eab00000, 0x00000000fae00000, 0x0000000100000000)
  eden space 182784K, 100% used [0x00000000eab00000,0x00000000f5d80000,0x00000000f5d80000)
  from space 16384K, 42% used [0x00000000f5d80000,0x00000000f643b600,0x00000000f6d80000)
  to   space 15360K, 0% used [0x00000000f9f00000,0x00000000f9f00000,0x00000000fae00000)
 ParOldGen       total 53760K, used 41885K [0x00000000c0000000, 0x00000000c3480000, 0x00000000eab00000)
  object space 53760K, 77% used [0x00000000c0000000,0x00000000c28e75a8,0x00000000c3480000)
 Metaspace       used 54435K, capacity 56356K, committed 56576K, reserved 1097728K
  class space    used 7421K, capacity 7921K, committed 7936K, reserved 1048576K
Event: 7781.499 GC heap after
Heap after GC invocations=17 (full 3):
 PSYoungGen      total 244224K, used 15356K [0x00000000eab00000, 0x00000000fae00000, 0x0000000100000000)
  eden space 228864K, 0% used [0x00000000eab00000,0x00000000eab00000,0x00000000f8a80000)
  from space 15360K, 99% used [0x00000000f9f00000,0x00000000fadff0c0,0x00000000fae00000)
  to   space 17920K, 0% used [0x00000000f8b00000,0x00000000f8b00000,0x00000000f9c80000)
 ParOldGen       total 53760K, used 43082K [0x00000000c0000000, 0x00000000c3480000, 0x00000000eab00000)
  object space 53760K, 80% used [0x00000000c0000000,0x00000000c2a12ad8,0x00000000c3480000)
 Metaspace       used 54435K, capacity 56356K, committed 56576K, reserved 1097728K
  class space    used 7421K, capacity 7921K, committed 7936K, reserved 1048576K
}
Event: 7785.907 GC heap before
{Heap before GC invocations=18 (full 3):
 PSYoungGen      total 244224K, used 244220K [0x00000000eab00000, 0x00000000fae00000, 0x0000000100000000)
  eden space 228864K, 100% used [0x00000000eab00000,0x00000000f8a80000,0x00000000f8a80000)
  from space 15360K, 99% used [0x00000000f9f00000,0x00000000fadff0c0,0x00000000fae00000)
  to   space 17920K, 0% used [0x00000000f8b00000,0x00000000f8b00000,0x00000000f9c80000)
 ParOldGen       total 53760K, used 43082K [0x00000000c0000000, 0x00000000c3480000, 0x00000000eab00000)
  object space 53760K, 80% used [0x00000000c0000000,0x00000000c2a12ad8,0x00000000c3480000)
 Metaspace       used 60309K, capacity 62276K, committed 62464K, reserved 1103872K
  class space    used 8090K, capacity 8591K, committed 8704K, reserved 1048576K
Event: 7785.986 GC heap after
Heap after GC invocations=18 (full 3):
 PSYoungGen      total 247296K, used 9472K [0x00000000eab00000, 0x00000000fe480000, 0x0000000100000000)
  eden space 229376K, 0% used [0x00000000eab00000,0x00000000eab00000,0x00000000f8b00000)
  from space 17920K, 52% used [0x00000000f8b00000,0x00000000f9440218,0x00000000f9c80000)
  to   space 17408K, 0% used [0x00000000fd380000,0x00000000fd380000,0x00000000fe480000)
 ParOldGen       total 53760K, used 49912K [0x00000000c0000000, 0x00000000c3480000, 0x00000000eab00000)
  object space 53760K, 92% used [0x00000000c0000000,0x00000000c30be130,0x00000000c3480000)
 Metaspace       used 60309K, capacity 62276K, committed 62464K, reserved 1103872K
  class space    used 8090K, capacity 8591K, committed 8704K, reserved 1048576K
}
Event: 7785.986 GC heap before
{Heap before GC invocations=19 (full 4):
 PSYoungGen      total 247296K, used 9472K [0x00000000eab00000, 0x00000000fe480000, 0x0000000100000000)
  eden space 229376K, 0% used [0x00000000eab00000,0x00000000eab00000,0x00000000f8b00000)
  from space 17920K, 52% used [0x00000000f8b00000,0x00000000f9440218,0x00000000f9c80000)
  to   space 17408K, 0% used [0x00000000fd380000,0x00000000fd380000,0x00000000fe480000)
 ParOldGen       total 53760K, used 49912K [0x00000000c0000000, 0x00000000c3480000, 0x00000000eab00000)
  object space 53760K, 92% used [0x00000000c0000000,0x00000000c30be130,0x00000000c3480000)
 Metaspace       used 60309K, capacity 62276K, committed 62464K, reserved 1103872K
  class space    used 8090K, capacity 8591K, committed 8704K, reserved 1048576K
Event: 7787.613 GC heap after
Heap after GC invocations=19 (full 4):
 PSYoungGen      total 247296K, used 0K [0x00000000eab00000, 0x00000000fe480000, 0x0000000100000000)
  eden space 229376K, 0% used [0x00000000eab00000,0x00000000eab00000,0x00000000f8b00000)
  from space 17920K, 0% used [0x00000000f8b00000,0x00000000f8b00000,0x00000000f9c80000)
  to   space 17408K, 0% used [0x00000000fd380000,0x00000000fd380000,0x00000000fe480000)
 ParOldGen       total 92160K, used 41370K [0x00000000c0000000, 0x00000000c5a00000, 0x00000000eab00000)
  object space 92160K, 44% used [0x00000000c0000000,0x00000000c2866a48,0x00000000c5a00000)
 Metaspace       used 59126K, capacity 60486K, committed 62464K, reserved 1103872K
  class space    used 7848K, capacity 8180K, committed 8704K, reserved 1048576K
}

Deoptimization events (10 events):
Event: 7789.331 Thread 0x000000005a41f000 Uncommon trap: reason=unstable_if action=reinterpret pc=0x00000000035b85ac method=java.lang.ref.SoftReference.get()Ljava/lang/Object; @ 6
Event: 7789.331 Thread 0x000000005a41f000 Uncommon trap: reason=unstable_if action=reinterpret pc=0x0000000002fe4938 method=java.lang.ref.SoftReference.get()Ljava/lang/Object; @ 6
Event: 7789.352 Thread 0x000000005a41f000 Uncommon trap: reason=class_check action=maybe_recompile pc=0x00000000048cebe8 method=java.util.zip.InflaterInputStream.fill()V @ 19
Event: 7789.352 Thread 0x000000005a41f000 Uncommon trap: reason=bimorphic action=maybe_recompile pc=0x0000000003ee55f4 method=java.io.BufferedInputStream.read1([BII)I @ 39
Event: 7789.352 Thread 0x000000005a41f000 Uncommon trap: reason=class_check action=maybe_recompile pc=0x00000000048cebe8 method=java.util.zip.InflaterInputStream.fill()V @ 19
Event: 7789.352 Thread 0x000000005a41f000 Uncommon trap: reason=bimorphic action=maybe_recompile pc=0x0000000003ee55f4 method=java.io.BufferedInputStream.read1([BII)I @ 39
Event: 7789.353 Thread 0x000000005a41f000 Uncommon trap: reason=class_check action=maybe_recompile pc=0x00000000048cebe8 method=java.util.zip.InflaterInputStream.fill()V @ 19
Event: 7789.353 Thread 0x000000005a41f000 Uncommon trap: reason=class_check action=maybe_recompile pc=0x00000000048cebe8 method=java.util.zip.InflaterInputStream.fill()V @ 19
Event: 7789.363 Thread 0x000000005a41f000 Uncommon trap: reason=unstable_if action=reinterpret pc=0x000000000415cd18 method=java.io.BufferedOutputStream.write(I)V @ 9
Event: 7789.371 Thread 0x000000005a41f000 Uncommon trap: reason=unstable_if action=reinterpret pc=0x0000000004916d9c method=org.objectweb.asm.MethodWriter.visitInsn(I)V @ 24

Internal exceptions (10 events):
Event: 7782.204 Thread 0x000000005a41f000 Implicit null exception at 0x00000000043d7678 to 0x00000000043d59b9
Event: 7782.211 Thread 0x000000005a41f000 Implicit null exception at 0x00000000043d7678 to 0x00000000043d59b9
Event: 7782.684 Thread 0x000000005a41f000 Implicit null exception at 0x000000000300131c to 0x000000000300195d
Event: 7782.822 Thread 0x000000005a41f000 Implicit null exception at 0x00000000040e088c to 0x00000000040e0e15
Event: 7782.841 Thread 0x000000005a41f000 Implicit null exception at 0x00000000041653aa to 0x000000000416605d
Event: 7788.913 Thread 0x000000005a41f000 Implicit null exception at 0x0000000003f573d0 to 0x0000000003f5816d
Event: 7788.996 Thread 0x000000005a41f000 Implicit null exception at 0x00000000035a4aec to 0x00000000035a508d
Event: 7789.331 Thread 0x000000005a41f000 Implicit null exception at 0x00000000035b8033 to 0x00000000035b858d
Event: 7789.331 Thread 0x000000005a41f000 Implicit null exception at 0x0000000002fe44b0 to 0x0000000002fe491d
Event: 7789.371 Thread 0x000000005a41f000 Implicit null exception at 0x0000000004916af4 to 0x0000000004916d8d

Events (10 events):
Event: 7789.583 Thread 0x000000005cfca800 Thread added: 0x000000005cfca800
Event: 7789.583 Thread 0x000000005cfcb000 Thread added: 0x000000005cfcb000
Event: 7789.583 Thread 0x000000005cfcc000 Thread added: 0x000000005cfcc000
Event: 7789.584 Thread 0x000000005cfcc800 Thread added: 0x000000005cfcc800
Event: 7789.584 Thread 0x000000005cfcd800 Thread added: 0x000000005cfcd800
Event: 7789.584 Thread 0x000000005cfce000 Thread added: 0x000000005cfce000
Event: 7789.584 Thread 0x000000005cfcf000 Thread added: 0x000000005cfcf000
Event: 7789.584 Thread 0x0000000059e42000 Thread exited: 0x0000000059e42000
Event: 7789.584 Thread 0x0000000059e47000 Thread exited: 0x0000000059e47000
Event: 7789.585 Thread 0x000000005cfcc800 Thread exited: 0x000000005cfcc800


Dynamic libraries:
0x000000013f890000 - 0x000000013f8c7000 	C:\Program Files\Java\jdk1.8.0_92\bin\java.exe
0x0000000076ed0000 - 0x000000007707a000 	C:\windows\SYSTEM32\ntdll.dll
0x0000000076b70000 - 0x0000000076c8f000 	C:\windows\system32\kernel32.dll
0x000007fefcf00000 - 0x000007fefcf6b000 	C:\windows\system32\KERNELBASE.dll
0x000007fefd460000 - 0x000007fefd53b000 	C:\windows\system32\ADVAPI32.dll
0x000007fefdb30000 - 0x000007fefdbcf000 	C:\windows\system32\msvcrt.dll
0x000007fefdca0000 - 0x000007fefdcbf000 	C:\windows\SYSTEM32\sechost.dll
0x000007fefd540000 - 0x000007fefd66d000 	C:\windows\system32\RPCRT4.dll
0x0000000076c90000 - 0x0000000076d8a000 	C:\windows\system32\USER32.dll
0x000007fefef20000 - 0x000007fefef87000 	C:\windows\system32\GDI32.dll
0x000007feff1d0000 - 0x000007feff1de000 	C:\windows\system32\LPK.dll
0x000007fefd670000 - 0x000007fefd73a000 	C:\windows\system32\USP10.dll
0x000007fefb570000 - 0x000007fefb764000 	C:\windows\WinSxS\amd64_microsoft.windows.common-controls_6595b64144ccf1df_6.0.7601.18837_none_fa3b1e3d17594757\COMCTL32.dll
0x000007fefd280000 - 0x000007fefd2f1000 	C:\windows\system32\SHLWAPI.dll
0x000007fefd430000 - 0x000007fefd45e000 	C:\windows\system32\IMM32.DLL
0x000007fefead0000 - 0x000007fefebd9000 	C:\windows\system32\MSCTF.dll
0x0000000071540000 - 0x0000000071612000 	C:\Program Files\Java\jdk1.8.0_92\jre\bin\msvcr100.dll
0x00000000706e0000 - 0x0000000070f76000 	C:\Program Files\Java\jdk1.8.0_92\jre\bin\server\jvm.dll
0x000007fef2fa0000 - 0x000007fef2fa9000 	C:\windows\system32\WSOCK32.dll
0x000007fefd150000 - 0x000007fefd19d000 	C:\windows\system32\WS2_32.dll
0x000007fefdbd0000 - 0x000007fefdbd8000 	C:\windows\system32\NSI.dll
0x000007fefcf70000 - 0x000007fefcfab000 	C:\windows\system32\WINMM.dll
0x000007fefbd00000 - 0x000007fefbd0c000 	C:\windows\system32\VERSION.dll
0x00000000770a0000 - 0x00000000770a7000 	C:\windows\system32\PSAPI.DLL
0x00000000731d0000 - 0x00000000731df000 	C:\Program Files\Java\jdk1.8.0_92\jre\bin\verify.dll
0x0000000072710000 - 0x0000000072739000 	C:\Program Files\Java\jdk1.8.0_92\jre\bin\java.dll
0x0000000072790000 - 0x00000000727a6000 	C:\Program Files\Java\jdk1.8.0_92\jre\bin\zip.dll
0x000007fefdd40000 - 0x000007fefeac9000 	C:\windows\system32\SHELL32.dll
0x000007fefed10000 - 0x000007fefef13000 	C:\windows\system32\ole32.dll
0x000007fefcba0000 - 0x000007fefcbaf000 	C:\windows\system32\profapi.dll
0x00000000726f0000 - 0x000000007270a000 	C:\Program Files\Java\jdk1.8.0_92\jre\bin\net.dll
0x000007fefc410000 - 0x000007fefc465000 	C:\windows\system32\mswsock.dll
0x000007fefc400000 - 0x000007fefc407000 	C:\windows\System32\wship6.dll
0x0000000072640000 - 0x0000000072651000 	C:\Program Files\Java\jdk1.8.0_92\jre\bin\nio.dll
0x000007fef22b0000 - 0x000007fef22c2000 	C:\Users\Administrator\.gradle\native\19\windows-amd64\native-platform.dll
0x000007fefa760000 - 0x000007fefa787000 	C:\windows\system32\IPHLPAPI.DLL
0x000007fefa740000 - 0x000007fefa74b000 	C:\windows\system32\WINNSI.DLL
0x000007fefa5d0000 - 0x000007fefa5e1000 	C:\windows\system32\dhcpcsvc6.DLL
0x000007fefa550000 - 0x000007fefa568000 	C:\windows\system32\dhcpcsvc.DLL
0x000007fefc470000 - 0x000007fefc488000 	C:\windows\system32\CRYPTSP.dll
0x000007fefc170000 - 0x000007fefc1b7000 	C:\windows\system32\rsaenh.dll
0x000007fefbef0000 - 0x000007fefbf0e000 	C:\windows\system32\USERENV.dll
0x000007fefcad0000 - 0x000007fefcadf000 	C:\windows\system32\CRYPTBASE.dll
0x000007fefca70000 - 0x000007fefcac7000 	C:\windows\system32\apphelp.dll
0x00000000731c0000 - 0x00000000731cd000 	C:\Program Files\Java\jdk1.8.0_92\jre\bin\management.dll

VM Arguments:
jvm_args: -XX:MaxPermSize=256m -XX:+HeapDumpOnOutOfMemoryError -Xmx1024m -Dfile.encoding=GBK -Duser.country=CN -Duser.language=zh -Duser.variant 
java_command: org.gradle.launcher.daemon.bootstrap.GradleDaemon 2.10
java_class_path (initial): D:\Android Studio\gradle\gradle-2.10\lib\gradle-launcher-2.10.jar
Launcher Type: SUN_STANDARD

Environment Variables:
PATH=C:\Program Files\Java\jdk1.8.0_92\bin;C:\ProgramData\Oracle\Java\javapath;C:\windows\system32;C:\windows;C:\windows\System32\Wbem;C:\windows\System32\WindowsPowerShell\v1.0\;C:\Program Files (x86)\Intel\OpenCL SDK\2.0\bin\x86;C:\Program Files (x86)\Intel\OpenCL SDK\2.0\bin\x64;C:\Program Files (x86)\Intel\OpenCL SDK\2.0\bin\x86;C:\Program Files (x86)\Intel\OpenCL SDK\2.0\bin\x64;C:\Program Files\Git\cmd
USERNAME=Administrator
OS=Windows_NT
PROCESSOR_IDENTIFIER=Intel64 Family 6 Model 42 Stepping 7, GenuineIntel



---------------  S Y S T E M  ---------------

OS: Windows 7 , 64 bit Build 7601 (6.1.7601.19135)

CPU:total 4 (4 cores per cpu, 1 threads per core) family 6 model 42 stepping 7, cmov, cx8, fxsr, mmx, sse, sse2, sse3, ssse3, sse4.1, sse4.2, popcnt, avx, clmul, tsc, tscinvbit

Memory: 4k page, physical 4133888k(60100k free), swap 5180628k(272352k free)

vm_info: Java HotSpot(TM) 64-Bit Server VM (25.92-b14) for windows-amd64 JRE (1.8.0_92-b14), built on Mar 31 2016 21:03:04 by "java_re" with MS VC++ 10.0 (VS2010)

time: Thu Sep 08 11:36:35 2016
elapsed time: 7790 seconds (0d 2h 9m 50s)

