#
# There is insufficient memory for the Java Runtime Environment to continue.
# Native memory allocation (malloc) failed to allocate 32744 bytes for ChunkPool::allocate
# Possible reasons:
#   The system is out of physical RAM or swap space
#   In 32 bit mode, the process size limit was hit
# Possible solutions:
#   Reduce memory load on the system
#   Increase physical memory or swap space
#   Check if swap backing store is full
#   Use 64 bit Java on a 64 bit OS
#   Decrease Java heap size (-Xmx/-Xms)
#   Decrease number of Java threads
#   Decrease Java thread stack sizes (-Xss)
#   Set larger code cache with -XX:ReservedCodeCacheSize=
# This output file may be truncated or incomplete.
#
#  Out of Memory Error (allocation.cpp:273), pid=3188, tid=0x00000000000011b8
#
# JRE version: Java(TM) SE Runtime Environment (8.0_92-b14) (build 1.8.0_92-b14)
# Java VM: Java HotSpot(TM) 64-Bit Server VM (25.92-b14 mixed mode windows-amd64 compressed oops)
# Failed to write core dump. Minidumps are not enabled by default on client versions of Windows
#

---------------  T H R E A D  ---------------

Current thread (0x00000000565d1000):  JavaThread "C1 CompilerThread2" daemon [_thread_in_native, id=4536, stack(0x0000000057110000,0x0000000057210000)]

Stack: [0x0000000057110000,0x0000000057210000]
[error occurred during error reporting (printing stack bounds), id 0xc0000005]

Native frames: (J=compiled Java code, j=interpreted, Vv=VM code, C=native code)


Current CompileTask:
C1:   3641 1222       3       com.android.dx.ssa.ConstCollector::
[error occurred during error reporting (printing current compile task), id 0xe0000001]


---------------  P R O C E S S  ---------------

Java Threads: ( => current thread )
  0x00000000573cd800 JavaThread "pool-1-thread-4" [_thread_blocked, id=2944, stack(0x00000000581a0000,0x00000000582a0000)]
  0x00000000573ca800 JavaThread "pool-1-thread-3" [_thread_in_vm, id=2600, stack(0x0000000057f90000,0x0000000058090000)]
  0x00000000573ca000 JavaThread "pool-1-thread-2" [_thread_blocked, id=4944, stack(0x0000000057d60000,0x0000000057e60000)]
  0x00000000573c9000 JavaThread "pool-2-thread-1" [_thread_blocked, id=4452, stack(0x0000000056ff0000,0x00000000570f0000)]
  0x000000005695f800 JavaThread "pool-1-thread-1" [_thread_in_vm, id=4924, stack(0x0000000057bc0000,0x0000000057cc0000)]
  0x00000000565d6000 JavaThread "Service Thread" daemon [_thread_blocked, id=4708, stack(0x0000000056340000,0x0000000056440000)]
=>0x00000000565d1000 JavaThread "C1 CompilerThread2" daemon [_thread_in_native, id=4536, stack(0x0000000057110000,0x0000000057210000)]
  0x00000000565d0000 JavaThread "C2 CompilerThread1" daemon [_thread_in_native, id=2060, stack(0x0000000056e70000,0x0000000056f70000)]
  0x00000000551cb800 JavaThread "C2 CompilerThread0" daemon [_thread_in_native, id=2300, stack(0x0000000056cf0000,0x0000000056df0000)]
  0x000000005656a800 JavaThread "Attach Listener" daemon [_thread_blocked, id=4348, stack(0x0000000056b30000,0x0000000056c30000)]
  0x00000000551bd000 JavaThread "Signal Dispatcher" daemon [_thread_blocked, id=2216, stack(0x00000000569f0000,0x0000000056af0000)]
  0x00000000551a9000 JavaThread "Finalizer" daemon [_thread_blocked, id=4980, stack(0x0000000056460000,0x0000000056560000)]
  0x0000000055162000 JavaThread "Reference Handler" daemon [_thread_blocked, id=2452, stack(0x0000000056240000,0x0000000056340000)]
  0x00000000024ce000 JavaThread "main" [_thread_blocked, id=304, stack(0x0000000002830000,0x0000000002930000)]

Other Threads:
  0x000000005515a000 VMThread [stack: 0x00000000560d0000,0x00000000561d0000] [id=3440]
  0x00000000565dc800 WatcherThread [stack: 0x0000000057280000,0x0000000057380000] [id=4676]

VM state:not at safepoint (normal execution)

VM Mutex/Monitor currently owned by a thread: None

Heap:
 PSYoungGen      total 18944K, used 17862K [0x00000000eab00000, 0x00000000ec000000, 0x0000000100000000)
  eden space 16384K, 93% used [0x00000000eab00000,0x00000000eb9f9910,0x00000000ebb00000)
  from space 2560K, 98% used [0x00000000ebb00000,0x00000000ebd78088,0x00000000ebd80000)
  to   space 2560K, 0% used [0x00000000ebd80000,0x00000000ebd80000,0x00000000ec000000)
 ParOldGen       total 44032K, used 1078K [0x00000000c0000000, 0x00000000c2b00000, 0x00000000eab00000)
  object space 44032K, 2% used [0x00000000c0000000,0x00000000c010dab0,0x00000000c2b00000)
 Metaspace       used 6061K, capacity 6900K, committed 7040K, reserved 1056768K
  class space    used 604K, capacity 620K, committed 640K, reserved 1048576K

Card table byte_map: [0x0000000011cf0000,0x0000000011f00000] byte_map_base: 0x00000000116f0000

Marking Bits: (ParMarkBitMap*) 0x00000000654364f0
 Begin Bits: [0x00000000125d0000, 0x00000000135d0000)
 End Bits:   [0x00000000135d0000, 0x00000000145d0000)

Polling page: 0x0000000000460000

CodeCache: size=245760Kb used=4849Kb max_used=4849Kb free=240910Kb
 bounds [0x0000000002930000, 0x0000000002e00000, 0x0000000011930000]
 total_blobs=1485 nmethods=1216 adapters=182
 compilation: enabled

Compilation events (10 events):
Event: 3.633 Thread 0x00000000565d1000 nmethod 1216 0x0000000002de84d0 code [0x0000000002de8740, 0x0000000002de9548]
Event: 3.633 Thread 0x00000000565d1000 1217       3       com.android.dx.ssa.DomFront::calcDomFronts (154 bytes)
Event: 3.634 Thread 0x00000000565d1000 nmethod 1217 0x0000000002de9ed0 code [0x0000000002dea160, 0x0000000002deb0e8]
Event: 3.635 Thread 0x00000000565d1000 1218       3       com.android.dx.rop.code.DexTranslationAdvice::totalRopWidth (36 bytes)
Event: 3.635 Thread 0x00000000565d1000 nmethod 1218 0x0000000002debd90 code [0x0000000002debf40, 0x0000000002dec708]
Event: 3.636 Thread 0x00000000565d1000 1220       3       com.android.dx.cf.code.BytecodeArray::processWorkSet (50 bytes)
Event: 3.636 Thread 0x00000000565d1000 nmethod 1220 0x0000000002ddc150 code [0x0000000002ddc300, 0x0000000002ddc878]
Event: 3.636 Thread 0x00000000565d1000 1221       3       com.android.dx.ssa.SsaConverter::edgeSplitMoveExceptionsAndResults (157 bytes)
Event: 3.638 Thread 0x00000000565d1000 nmethod 1221 0x0000000002deca50 code [0x0000000002dece00, 0x0000000002deec08]
Event: 3.638 Thread 0x00000000565d1000 1222       3       com.android.dx.ssa.ConstCollector::getConstsSortedByCountUse (386 bytes)

GC Heap History (2 events):
Event: 2.384 GC heap before
{Heap before GC invocations=1 (full 0):
 PSYoungGen      total 18944K, used 16384K [0x00000000eab00000, 0x00000000ec000000, 0x0000000100000000)
  eden space 16384K, 100% used [0x00000000eab00000,0x00000000ebb00000,0x00000000ebb00000)
  from space 2560K, 0% used [0x00000000ebd80000,0x00000000ebd80000,0x00000000ec000000)
  to   space 2560K, 0% used [0x00000000ebb00000,0x00000000ebb00000,0x00000000ebd80000)
 ParOldGen       total 44032K, used 0K [0x00000000c0000000, 0x00000000c2b00000, 0x00000000eab00000)
  object space 44032K, 0% used [0x00000000c0000000,0x00000000c0000000,0x00000000c2b00000)
 Metaspace       used 5627K, capacity 6576K, committed 6784K, reserved 1056768K
  class space    used 599K, capacity 616K, committed 640K, reserved 1048576K
Event: 2.691 GC heap after
Heap after GC invocations=1 (full 0):
 PSYoungGen      total 18944K, used 2528K [0x00000000eab00000, 0x00000000ec000000, 0x0000000100000000)
  eden space 16384K, 0% used [0x00000000eab00000,0x00000000eab00000,0x00000000ebb00000)
  from space 2560K, 98% used [0x00000000ebb00000,0x00000000ebd78088,0x00000000ebd80000)
  to   space 2560K, 0% used [0x00000000ebd80000,0x00000000ebd80000,0x00000000ec000000)
 ParOldGen       total 44032K, used 1078K [0x00000000c0000000, 0x00000000c2b00000, 0x00000000eab00000)
  object space 44032K, 2% used [0x00000000c0000000,0x00000000c010dab0,0x00000000c2b00000)
 Metaspace       used 5627K, capacity 6576K, committed 6784K, reserved 1056768K
  class space    used 599K, capacity 616K, committed 640K, reserved 1048576K
}

Deoptimization events (7 events):
Event: 1.370 Thread 0x00000000024ce000 Uncommon trap: reason=unstable_if action=reinterpret pc=0x0000000002a8c9c4 method=java.lang.String.compareTo(Ljava/lang/String;)I @ 38
Event: 2.289 Thread 0x000000005695f800 Uncommon trap: reason=unstable_if action=reinterpret pc=0x0000000002b6df4c method=java.util.HashMap.getNode(ILjava/lang/Object;)Ljava/util/HashMap$Node; @ 129
Event: 2.332 Thread 0x00000000024ce000 Uncommon trap: reason=bimorphic action=maybe_recompile pc=0x0000000002b7e954 method=java.util.HashMap.getNode(ILjava/lang/Object;)Ljava/util/HashMap$Node; @ 126
Event: 2.871 Thread 0x000000005695f800 Uncommon trap: reason=unstable_if action=reinterpret pc=0x0000000002c5e010 method=com.android.dx.rop.code.RegisterSpec.equals(ILcom/android/dx/rop/type/TypeBearer;Lcom/android/dx/rop/code/LocalItem;)Z @ 42
Event: 2.894 Thread 0x000000005695f800 Uncommon trap: reason=bimorphic action=maybe_recompile pc=0x0000000002b7e954 method=java.util.HashMap.getNode(ILjava/lang/Object;)Ljava/util/HashMap$Node; @ 126
Event: 3.305 Thread 0x00000000573ca000 Uncommon trap: reason=unstable_if action=reinterpret pc=0x0000000002c84c5c method=com.android.dx.rop.code.RegisterSpecSet.put(Lcom/android/dx/rop/code/RegisterSpec;)V @ 77
Event: 3.305 Thread 0x00000000573ca000 Uncommon trap: reason=unstable_if action=reinterpret pc=0x0000000002c9254c method=com.android.dx.rop.code.RegisterSpecSet.put(Lcom/android/dx/rop/code/RegisterSpec;)V @ 77

Internal exceptions (2 events):
Event: 0.107 Thread 0x00000000024ce000 Exception <a 'java/lang/NoSuchMethodError': Method sun.misc.Unsafe.defineClass(Ljava/lang/String;[BII)Ljava/lang/Class; name or signature does not match> (0x00000000eab07cc0) thrown at [D:\re\workspace\8-2-build-windows-amd64-cygwin\jdk8u92\6642\hotspot\sr_Ebƒ»?
Event: 0.107 Thread 0x00000000024ce000 Exception <a 'java/lang/NoSuchMethodError': Method sun.misc.Unsafe.prefetchRead(Ljava/lang/Object;J)V name or signature does not match> (0x00000000eab07fa8) thrown at [D:\re\workspace\8-2-build-windows-amd64-cygwin\jdk8u92\6642\hotspot\src\share\vm\prims\j

Events (10 events):
Event: 3.186 Executing VM operation: ForceSafepoint
Event: 3.186 Executing VM operation: ForceSafepoint done
Event: 3.305 Thread 0x00000000573ca000 Uncommon trap: trap_request=0xffffff65 fr.pc=0x0000000002c84c5c
Event: 3.305 Thread 0x00000000573ca000 DEOPT PACKING pc=0x0000000002c84c5c sp=0x0000000057e5ec60
Event: 3.305 Thread 0x00000000573ca000 DEOPT UNPACKING pc=0x000000000297582a sp=0x0000000057e5ebe8 mode 2
Event: 3.305 Thread 0x00000000573ca000 Uncommon trap: trap_request=0xffffff65 fr.pc=0x0000000002c9254c
Event: 3.305 Thread 0x00000000573ca000 DEOPT PACKING pc=0x0000000002c9254c sp=0x0000000057e5ec50
Event: 3.305 Thread 0x00000000573ca000 DEOPT UNPACKING pc=0x000000000297582a sp=0x0000000057e5eb70 mode 2
Event: 3.348 loading class com/android/dx/dex/file/FieldAnnotationStruct
Event: 3.348 loading class com/android/dx/dex/file/FieldAnnotationStruct done


Dynamic libraries:
0x000000013f710000 - 0x000000013f747000 	C:\Program Files\Java\jdk1.8.0_92\bin\java.exe
0x00000000776e0000 - 0x000000007788a000 	C:\windows\SYSTEM32\ntdll.dll
0x00000000775c0000 - 0x00000000776df000 	C:\windows\system32\kernel32.dll
0x000007fefd460000 - 0x000007fefd4cb000 	C:\windows\system32\KERNELBASE.dll
0x000007feff810000 - 0x000007feff8eb000 	C:\windows\system32\ADVAPI32.dll
0x000007fefddb0000 - 0x000007fefde4f000 	C:\windows\system32\msvcrt.dll
0x000007feff140000 - 0x000007feff15f000 	C:\windows\SYSTEM32\sechost.dll
0x000007fefd900000 - 0x000007fefda2d000 	C:\windows\system32\RPCRT4.dll
0x0000000077380000 - 0x000000007747a000 	C:\windows\system32\USER32.dll
0x000007fefdf30000 - 0x000007fefdf97000 	C:\windows\system32\GDI32.dll
0x000007feff780000 - 0x000007feff78e000 	C:\windows\system32\LPK.dll
0x000007feff270000 - 0x000007feff33a000 	C:\windows\system32\USP10.dll
0x000007fefbc40000 - 0x000007fefbe34000 	C:\windows\WinSxS\amd64_microsoft.windows.common-controls_6595b64144ccf1df_6.0.7601.18837_none_fa3b1e3d17594757\COMCTL32.dll
0x000007fefee80000 - 0x000007fefeef1000 	C:\windows\system32\SHLWAPI.dll
0x000007fefef00000 - 0x000007fefef2e000 	C:\windows\system32\IMM32.DLL
0x000007fefda30000 - 0x000007fefdb39000 	C:\windows\system32\MSCTF.dll
0x0000000073ea0000 - 0x0000000073f72000 	C:\Program Files\Java\jdk1.8.0_92\jre\bin\msvcr100.dll
0x0000000064c20000 - 0x00000000654b6000 	C:\Program Files\Java\jdk1.8.0_92\jre\bin\server\jvm.dll
0x000007fef3430000 - 0x000007fef3439000 	C:\windows\system32\WSOCK32.dll
0x000007fefde50000 - 0x000007fefde9d000 	C:\windows\system32\WS2_32.dll
0x000007feff260000 - 0x000007feff268000 	C:\windows\system32\NSI.dll
0x000007fefd770000 - 0x000007fefd7ab000 	C:\windows\system32\WINMM.dll
0x000007fefc510000 - 0x000007fefc51c000 	C:\windows\system32\VERSION.dll
0x00000000778b0000 - 0x00000000778b7000 	C:\windows\system32\PSAPI.DLL
0x0000000074920000 - 0x000000007492f000 	C:\Program Files\Java\jdk1.8.0_92\jre\bin\verify.dll
0x00000000748f0000 - 0x0000000074919000 	C:\Program Files\Java\jdk1.8.0_92\jre\bin\java.dll
0x00000000748d0000 - 0x00000000748e6000 	C:\Program Files\Java\jdk1.8.0_92\jre\bin\zip.dll
0x000007fefe0f0000 - 0x000007fefee79000 	C:\windows\system32\SHELL32.dll
0x000007fefef30000 - 0x000007feff133000 	C:\windows\system32\ole32.dll
0x000007fefd3b0000 - 0x000007fefd3bf000 	C:\windows\system32\profapi.dll

VM Arguments:
jvm_args: -Djava.awt.headless=true -Xmx1024M -Dfile.encoding=GBK -Duser.country=CN -Duser.language=zh -Duser.variant 
java_command: com.android.dx.command.Main --dex --force-jumbo --num-threads=4 --output D:\My_news\app\build\intermediates\pre-dexed\debug\com.android.support-appcompat-v7-23.4.0_c8943402eb7b46de8bb9cfc5f2a86efc0f1091b2.jar D:\My_news\app\build\intermediates\exploded-aar\com.android.support\appcompat-v7\23.4.0\jars\classes.jar
java_class_path (initial): D:\sdk\build-tools\24.0.1\lib\dx.jar
Launcher Type: SUN_STANDARD

Environment Variables:
PATH=C:\Program Files\Java\jdk1.8.0_92\bin;C:\ProgramData\Oracle\Java\javapath;C:\windows\system32;C:\windows;C:\windows\System32\Wbem;C:\windows\System32\WindowsPowerShell\v1.0\;C:\Program Files (x86)\Intel\OpenCL SDK\2.0\bin\x86;C:\Program Files (x86)\Intel\OpenCL SDK\2.0\bin\x64;C:\Program Files (x86)\Intel\OpenCL SDK\2.0\bin\x86;C:\Program Files (x86)\Intel\OpenCL SDK\2.0\bin\x64
USERNAME=Administrator
OS=Windows_NT
PROCESSOR_IDENTIFIER=Intel64 Family 6 Model 42 Stepping 7, GenuineIntel



---------------  S Y S T E M  ---------------

OS: Windows 7 , 64 bit Build 7601 (6.1.7601.19135)

CPU:total 4 (4 cores per cpu, 1 threads per core) family 6 model 42 stepping 7, cmov, cx8, fxsr, mmx, sse, sse2, sse3, ssse3, sse4.1, sse4.2, popcnt, avx, clmul, tsc, tscinvbit

Memory: 4k page, physical 4133888k(509960k free), swap 5180628k(5128k free)

vm_info: Java HotSpot(TM) 64-Bit Server VM (25.92-b14) for windows-amd64 JRE (1.8.0_92-b14), built on Mar 31 2016 21:03:04 by "java_re" with MS VC++ 10.0 (VS2010)

time: Mon Sep 05 14:09:49 2016
elapsed time: 3 seconds (0d 0h 0m 3s)

